<?xml version="1.0" encoding="UTF-8"?>
<!-- Generated by org.testng.reporters.JUnitXMLReporter -->
<testsuite ignored="0" hostname="admins-MacBook-Pro.local" failures="1" tests="4" name="Test" time="13.988" errors="0" timestamp="2022-02-15T18:26:45 CET">
  <testcase classname="org.examples.BasicAuthTest" name="verifyBasicAuth" time="1.685"/>
  <testcase classname="org.examples.HoverTest" name="verifyHoverOnUser" time="1.756"/>
  <testcase classname="org.examples.SliderTest" name="verifySliderValues" time="1.989"/>
  <testcase classname="org.examples.BrokenImageTest" name="verifyBrokenImages" time="3.398">
    <failure type="java.lang.AssertionError" message="images are broken expected [true] but found [false]">
      <![CDATA[java.lang.AssertionError: images are broken expected [true] but found [false]
at org.examples.BrokenImageTest.verifyBrokenImages(BrokenImageTest.java:22)
at java.base/java.util.ArrayList.forEach(ArrayList.java:1541)
... Removed 34 stack frames]]>
    </failure>
  </testcase> <!-- verifyBrokenImages -->
</testsuite> <!-- Test -->
