<?xml version="1.0" encoding="UTF-8"?>
<!-- Generated by org.testng.reporters.JUnitXMLReporter -->
<testsuite ignored="0" hostname="admins-MacBook-Pro.local" failures="1" tests="3" name="Test" time="11.222" errors="0" timestamp="2022-02-15T14:36:50 CET">
  <testcase classname="org.examples.BasicAuthTest" name="verifyBasicAuth" time="1.816"/>
  <testcase classname="org.examples.SliderTest" name="verifySliderValues" time="2.103"/>
  <testcase classname="org.examples.BrokenImageTest" name="verifyBrokenImages" time="3.233">
    <failure type="java.lang.AssertionError" message="images are broken expected [true] but found [false]">
      <![CDATA[java.lang.AssertionError: images are broken expected [true] but found [false]
at org.examples.BrokenImageTest.verifyBrokenImages(BrokenImageTest.java:22)
at java.base/java.util.ArrayList.forEach(ArrayList.java:1541)
... Removed 34 stack frames]]>
    </failure>
  </testcase> <!-- verifyBrokenImages -->
</testsuite> <!-- Test -->
