-------------------------------------------------------------------------------
Test set: TestSuite
-------------------------------------------------------------------------------
Tests run: 3, Failures: 1, Errors: 0, Skipped: 0, Time elapsed: 11.646 s <<< FAILURE! - in TestSuite
verifyBrokenImages(org.examples.BrokenImageTest)  Time elapsed: 3.237 s  <<< FAILURE!
java.lang.AssertionError: images are broken expected [true] but found [false]
	at org.examples.BrokenImageTest.verifyBrokenImages(BrokenImageTest.java:22)

