<?xml version="1.0" encoding="UTF-8"?>
<testng-results ignored="0" total="4" passed="3" failed="1" skipped="0">
  <reporter-output>
  </reporter-output>
  <suite started-at="2022-02-15T18:26:31 CET" name="Suite" finished-at="2022-02-15T18:26:45 CET" duration-ms="13988">
    <groups>
    </groups>
    <test started-at="2022-02-15T18:26:31 CET" name="Test" finished-at="2022-02-15T18:26:45 CET" duration-ms="13988">
      <class name="org.examples.BrokenImageTest">
        <test-method is-config="true" signature="invokeBrowser(java.lang.String)[pri:0, instance:org.examples.BrokenImageTest@22555ebf]" started-at="2022-02-15T18:26:41 CET" name="invokeBrowser" finished-at="2022-02-15T18:26:42 CET" duration-ms="1076" status="PASS">
          <params>
            <param index="0">
              <value>
                <![CDATA[chrome]]>
              </value>
            </param>
          </params>
          <reporter-output>
          </reporter-output>
        </test-method> <!-- invokeBrowser -->
        <test-method signature="verifyBrokenImages()[pri:0, instance:org.examples.BrokenImageTest@22555ebf]" started-at="2022-02-15T18:26:42 CET" name="verifyBrokenImages" finished-at="2022-02-15T18:26:45 CET" duration-ms="3398" status="FAIL">
          <exception class="java.lang.AssertionError">
            <message>
              <![CDATA[images are broken expected [true] but found [false]]]>
            </message>
            <full-stacktrace>
              <![CDATA[java.lang.AssertionError: images are broken expected [true] but found [false]
at org.testng.Assert.fail(Assert.java:97)
at org.testng.Assert.failNotEquals(Assert.java:969)
at org.testng.Assert.assertTrue(Assert.java:43)
at org.examples.BrokenImageTest.verifyBrokenImages(BrokenImageTest.java:22)
at java.base/jdk.internal.reflect.NativeMethodAccessorImpl.invoke0(Native Method)
at java.base/jdk.internal.reflect.NativeMethodAccessorImpl.invoke(NativeMethodAccessorImpl.java:62)
at java.base/jdk.internal.reflect.DelegatingMethodAccessorImpl.invoke(DelegatingMethodAccessorImpl.java:43)
at java.base/java.lang.reflect.Method.invoke(Method.java:566)
at org.testng.internal.MethodInvocationHelper.invokeMethod(MethodInvocationHelper.java:134)
at org.testng.internal.TestInvoker.invokeMethod(TestInvoker.java:597)
at org.testng.internal.TestInvoker.invokeTestMethod(TestInvoker.java:173)
at org.testng.internal.MethodRunner.runInSequence(MethodRunner.java:46)
at org.testng.internal.TestInvoker$MethodInvocationAgent.invoke(TestInvoker.java:816)
at org.testng.internal.TestInvoker.invokeTestMethods(TestInvoker.java:146)
at org.testng.internal.TestMethodWorker.invokeTestMethods(TestMethodWorker.java:146)
at org.testng.internal.TestMethodWorker.run(TestMethodWorker.java:128)
at java.base/java.util.ArrayList.forEach(ArrayList.java:1541)
at org.testng.TestRunner.privateRun(TestRunner.java:766)
at org.testng.TestRunner.run(TestRunner.java:587)
at org.testng.SuiteRunner.runTest(SuiteRunner.java:384)
at org.testng.SuiteRunner.runSequentially(SuiteRunner.java:378)
at org.testng.SuiteRunner.privateRun(SuiteRunner.java:337)
at org.testng.SuiteRunner.run(SuiteRunner.java:286)
at org.testng.SuiteRunnerWorker.runSuite(SuiteRunnerWorker.java:53)
at org.testng.SuiteRunnerWorker.run(SuiteRunnerWorker.java:96)
at org.testng.TestNG.runSuitesSequentially(TestNG.java:1187)
at org.testng.TestNG.runSuitesLocally(TestNG.java:1109)
at org.testng.TestNG.runSuites(TestNG.java:1039)
at org.testng.TestNG.run(TestNG.java:1007)
at org.apache.maven.surefire.testng.TestNGExecutor.run(TestNGExecutor.java:283)
at org.apache.maven.surefire.testng.TestNGXmlTestSuite.execute(TestNGXmlTestSuite.java:75)
at org.apache.maven.surefire.testng.TestNGProvider.invoke(TestNGProvider.java:120)
at org.apache.maven.surefire.booter.ForkedBooter.invokeProviderInSameClassLoader(ForkedBooter.java:384)
at org.apache.maven.surefire.booter.ForkedBooter.runSuitesInProcess(ForkedBooter.java:345)
at org.apache.maven.surefire.booter.ForkedBooter.execute(ForkedBooter.java:126)
at org.apache.maven.surefire.booter.ForkedBooter.main(ForkedBooter.java:418)
]]>
            </full-stacktrace>
          </exception> <!-- java.lang.AssertionError -->
          <reporter-output>
          </reporter-output>
        </test-method> <!-- verifyBrokenImages -->
        <test-method is-config="true" signature="tearDown()[pri:0, instance:org.examples.BrokenImageTest@22555ebf]" started-at="2022-02-15T18:26:45 CET" name="tearDown" finished-at="2022-02-15T18:26:45 CET" duration-ms="86" status="PASS">
          <reporter-output>
          </reporter-output>
        </test-method> <!-- tearDown -->
      </class> <!-- org.examples.BrokenImageTest -->
      <class name="org.examples.HoverTest">
        <test-method is-config="true" signature="invokeBrowser(java.lang.String)[pri:0, instance:org.examples.HoverTest@206a70ef]" started-at="2022-02-15T18:26:34 CET" name="invokeBrowser" finished-at="2022-02-15T18:26:36 CET" duration-ms="1101" status="PASS">
          <params>
            <param index="0">
              <value>
                <![CDATA[chrome]]>
              </value>
            </param>
          </params>
          <reporter-output>
          </reporter-output>
        </test-method> <!-- invokeBrowser -->
        <test-method signature="verifyHoverOnUser()[pri:0, instance:org.examples.HoverTest@206a70ef]" started-at="2022-02-15T18:26:36 CET" name="verifyHoverOnUser" finished-at="2022-02-15T18:26:37 CET" duration-ms="1756" status="PASS">
          <reporter-output>
          </reporter-output>
        </test-method> <!-- verifyHoverOnUser -->
        <test-method is-config="true" signature="tearDown()[pri:0, instance:org.examples.HoverTest@206a70ef]" started-at="2022-02-15T18:26:37 CET" name="tearDown" finished-at="2022-02-15T18:26:37 CET" duration-ms="88" status="PASS">
          <reporter-output>
          </reporter-output>
        </test-method> <!-- tearDown -->
      </class> <!-- org.examples.HoverTest -->
      <class name="org.examples.SliderTest">
        <test-method is-config="true" signature="invokeBrowser(java.lang.String)[pri:0, instance:org.examples.SliderTest@292b08d6]" started-at="2022-02-15T18:26:37 CET" name="invokeBrowser" finished-at="2022-02-15T18:26:39 CET" duration-ms="1092" status="PASS">
          <params>
            <param index="0">
              <value>
                <![CDATA[chrome]]>
              </value>
            </param>
          </params>
          <reporter-output>
          </reporter-output>
        </test-method> <!-- invokeBrowser -->
        <test-method signature="verifySliderValues()[pri:0, instance:org.examples.SliderTest@292b08d6]" started-at="2022-02-15T18:26:39 CET" name="verifySliderValues" finished-at="2022-02-15T18:26:41 CET" duration-ms="1989" status="PASS">
          <reporter-output>
          </reporter-output>
        </test-method> <!-- verifySliderValues -->
        <test-method is-config="true" signature="tearDown()[pri:0, instance:org.examples.SliderTest@292b08d6]" started-at="2022-02-15T18:26:41 CET" name="tearDown" finished-at="2022-02-15T18:26:41 CET" duration-ms="81" status="PASS">
          <reporter-output>
          </reporter-output>
        </test-method> <!-- tearDown -->
      </class> <!-- org.examples.SliderTest -->
      <class name="org.examples.BasicAuthTest">
        <test-method is-config="true" signature="invokeBrowser(java.lang.String)[pri:0, instance:org.examples.BasicAuthTest@c730b35]" started-at="2022-02-15T18:26:31 CET" name="invokeBrowser" finished-at="2022-02-15T18:26:33 CET" duration-ms="1523" status="PASS">
          <params>
            <param index="0">
              <value>
                <![CDATA[chrome]]>
              </value>
            </param>
          </params>
          <reporter-output>
          </reporter-output>
        </test-method> <!-- invokeBrowser -->
        <test-method signature="verifyBasicAuth()[pri:0, instance:org.examples.BasicAuthTest@c730b35]" started-at="2022-02-15T18:26:33 CET" name="verifyBasicAuth" finished-at="2022-02-15T18:26:34 CET" duration-ms="1685" status="PASS">
          <reporter-output>
          </reporter-output>
        </test-method> <!-- verifyBasicAuth -->
        <test-method is-config="true" signature="tearDown()[pri:0, instance:org.examples.BasicAuthTest@c730b35]" started-at="2022-02-15T18:26:34 CET" name="tearDown" finished-at="2022-02-15T18:26:34 CET" duration-ms="85" status="PASS">
          <reporter-output>
          </reporter-output>
        </test-method> <!-- tearDown -->
      </class> <!-- org.examples.BasicAuthTest -->
    </test> <!-- Test -->
  </suite> <!-- Suite -->
</testng-results>
