-------------------------------------------------------------------------------
Test set: TestSuite
-------------------------------------------------------------------------------
Tests run: 4, Failures: 1, Errors: 0, Skipped: 0, Time elapsed: 14.446 s <<< FAILURE! - in TestSuite
verifyBrokenImages(org.examples.BrokenImageTest)  Time elapsed: 3.401 s  <<< FAILURE!
java.lang.AssertionError: images are broken expected [true] but found [false]
	at org.examples.BrokenImageTest.verifyBrokenImages(BrokenImageTest.java:22)

