<?xml version="1.0" encoding="UTF-8"?>
<testsuite xmlns:xsi="http://www.w3.org/2001/XMLSchema-instance" xsi:noNamespaceSchemaLocation="https://maven.apache.org/surefire/maven-surefire-plugin/xsd/surefire-test-report-3.0.xsd" version="3.0" name="TestSuite" time="11.646" tests="3" errors="0" skipped="0" failures="1">
  <properties>
[...]
</properties>
  <testcase name="verifyBasicAuth" classname="org.examples.BasicAuthTest" time="1.817"/>
  <testcase name="verifySliderValues" classname="org.examples.SliderTest" time="2.104"/>
  <testcase name="verifyBrokenImages" classname="org.examples.BrokenImageTest" time="3.237">
    <failure message="images are broken expected [true] but found [false]" type="java.lang.AssertionError">java.lang.AssertionError: images are broken expected [true] but found [false]
	at org.examples.BrokenImageTest.verifyBrokenImages(BrokenImageTest.java:22)
</failure>
    <system-out><![CDATA[404
]]></system-out>
    <system-err><![CDATA[Starting ChromeDriver 98.0.4758.102 (273bf7ac8c909cde36982d27f66f3c70846a3718-refs/branch-heads/4758@{#1151}) on port 33849
Only local connections are allowed.
Please see https://chromedriver.chromium.org/security-considerations for suggestions on keeping ChromeDriver safe.
ChromeDriver was started successfully.
Feb 15, 2022 2:36:46 PM org.openqa.selenium.remote.ProtocolHandshake createSession
INFO: Detected dialect: W3C
]]></system-err>
  </testcase>
</testsuite>